  Building GameAssembly.dll with MsvcWinRtToolChain
  	Msvc Install Version: 15.0
  	Msvc Install SDK Directory: C:\Program Files (x86)\Windows Kits\10
  	Msvc Linker Path: C:\Program Files (x86)\Microsoft Visual Studio\2019\Community\VC\Tools\MSVC\14.24.28314\bin\HostX64\x86\link.exe
  	Msvc Compiler Path: C:\Program Files (x86)\Microsoft Visual Studio\2019\Community\VC\Tools\MSVC\14.24.28314\bin\HostX64\x86\cl.exe
  
  	Output directory: F:\Game project\HoloPiano\HoloLens\build\bin\Win32\Release
  	Cache directory: F:\Game project\HoloPiano\HoloLens\build\obj\il2cppOutputProject\Win32\Release
  Il2CppMetadataRegistration.cpp
  Il2CppGenericInstDefinitions.cpp
  Il2CppMethodPointerTable.cpp
  Il2CppGenericMethodDefinitions.cpp
  Il2CppGenericMethodTable.cpp
  Il2CppMetadataUsage.cpp
  Bulk_Assembly-CSharp_0.cpp
  Il2CppTypeDefinitions.cpp
  ObjectFiles: 627 of which compiled: 8
  	Time Compile: 4971 milliseconds Il2CppTypeDefinitions.cpp
  	Time Compile: 4262 milliseconds Bulk_Assembly-CSharp_0.cpp
  	Time Compile: 3719 milliseconds Il2CppMetadataUsage.cpp
  	Time Compile: 2917 milliseconds Il2CppGenericMethodTable.cpp
  	Time Compile: 2365 milliseconds Il2CppGenericMethodDefinitions.cpp
  	Time Compile: 2246 milliseconds Il2CppMethodPointerTable.cpp
  	Time Compile: 2155 milliseconds Il2CppGenericInstDefinitions.cpp
  	Time Compile: 1943 milliseconds Il2CppMetadataRegistration.cpp
  Total compilation time: 6691 milliseconds.
  Creating library F:\Game project\HoloPiano\HoloLens\build\obj\il2cppOutputProject\Win32\Release\linkresult_EE0F5CFF7C6DDDBEAC1C60757EA8B8E6\GameAssembly.lib and object F:\Game project\HoloPiano\HoloLens\build\obj\il2cppOutputProject\Win32\Release\linkresult_EE0F5CFF7C6DDDBEAC1C60757EA8B8E6\GameAssembly.exp
  Total link time: 11093 milliseconds.
  Cleaned up 18 object files.
