  Building GameAssembly.dll with MsvcWinRtToolChain
  	Msvc Install Version: 15.0
  	Msvc Install SDK Directory: C:\Program Files (x86)\Windows Kits\10
  	Msvc Linker Path: C:\Program Files (x86)\Microsoft Visual Studio\2019\Community\VC\Tools\MSVC\14.24.28314\bin\HostX64\x86\link.exe
  	Msvc Compiler Path: C:\Program Files (x86)\Microsoft Visual Studio\2019\Community\VC\Tools\MSVC\14.24.28314\bin\HostX64\x86\cl.exe
  
  	Output directory: F:\Game project\HoloPiano\App\build\bin\Win32\Release
  	Cache directory: F:\Game project\HoloPiano\App\build\obj\il2cppOutputProject\Win32\Release
  Il2CppGenericMethodPointerTable.cpp
  Il2CppMethodPointerTable.cpp
  Il2CppMetadataUsage.cpp
  Bulk_Unity.TextMeshPro_0.cpp
  Il2CppAttributes.cpp
  Il2CppGenericMethodDefinitions.cpp
  Il2CppInvokerTable.cpp
  Il2CppGenericMethodTable.cpp
  Il2CppTypeDefinitions.cpp
  Bulk_mscorlib_14.cpp
  Bulk_Assembly-CSharp_0.cpp
  Bulk_Unity.TextMeshPro_1.cpp
  GenericMethods5.cpp
  Bulk_mscorlib_19.cpp
  Bulk_Vuforia.UnityExtensions_2.cpp
  Bulk_Generics_2.cpp
  GenericMethods0.cpp
  Bulk_mscorlib_5.cpp
  Bulk_Vuforia.UnityExtensions_1.cpp
  Bulk_Generics_1.cpp
  Bulk_mscorlib_16.cpp
  Bulk_mscorlib_6.cpp
  Bulk_Generics_6.cpp
  Bulk_System.Xml_3.cpp
  Bulk_Vuforia.UnityExtensions_0.cpp
  GenericMethods3.cpp
  Bulk_System_1.cpp
  Bulk_System_3.cpp
  Bulk_Assembly-CSharp-firstpass_0.cpp
  Bulk_UnityEngine.UI_0.cpp
  Bulk_System_4.cpp
  Bulk_mscorlib_12.cpp
  Bulk_mscorlib_13.cpp
  Bulk_mscorlib_2.cpp
  Bulk_mscorlib_11.cpp
  Bulk_Vuforia.UnityExtensions_3.cpp
  Bulk_System_2.cpp
  Il2CppGenericClassTable.cpp
  GenericMethods6.cpp
  Bulk_Unity.TextMeshPro_2.cpp
  Bulk_System_0.cpp
  Bulk_mscorlib_8.cpp
  Bulk_mscorlib_9.cpp
  Bulk_System.Xml_1.cpp
  Bulk_System.Xml_0.cpp
  Bulk_mscorlib_1.cpp
  Bulk_mscorlib_0.cpp
  Bulk_mscorlib_3.cpp
  Bulk_UnityEngine.UI_1.cpp
  Bulk_mscorlib_15.cpp
  Bulk_mscorlib_4.cpp
  Bulk_mscorlib_17.cpp
  Bulk_Generics_21.cpp
  Bulk_Generics_8.cpp
  GenericMethods1.cpp
  Bulk_UnityEngine.CoreModule_0.cpp
  Bulk_UnityEngine.CoreModule_1.cpp
  Bulk_Generics_7.cpp
  GenericMethods4.cpp
  Bulk_Generics_14.cpp
  Bulk_System.Xml_4.cpp
  Bulk_UnityEngine.UI_2.cpp
  Bulk_System.Xml_2.cpp
  Bulk_mscorlib_18.cpp
  Bulk_mscorlib_10.cpp
  Bulk_mscorlib_7.cpp
  Bulk_Generics_0.cpp
  Bulk_Generics_18.cpp
  Bulk_Generics_13.cpp
  Bulk_Generics_24.cpp
  GenericMethods2.cpp
  Bulk_System_5.cpp
  Bulk_Generics_26.cpp
  Bulk_Mono.Security_0.cpp
  Bulk_Generics_10.cpp
  Bulk_Generics_9.cpp
  Bulk_Generics_25.cpp
  Bulk_Generics_27.cpp
  Bulk_Generics_23.cpp
  Bulk_Generics_11.cpp
  Bulk_mscorlib_20.cpp
  Bulk_Generics_17.cpp
  Bulk_Generics_5.cpp
  Bulk_Generics_12.cpp
  Bulk_Generics_16.cpp
  Bulk_Generics_20.cpp
  Bulk_Generics_19.cpp
  Bulk_Unity.TextMeshPro_3.cpp
  Bulk_Generics_3.cpp
  Bulk_I18N.Rare_0.cpp
  Bulk_Generics_15.cpp
  Bulk_Generics_4.cpp
  Il2CppGenericInstDefinitions.cpp
  Bulk_System_6.cpp
  Bulk_Assembly-CSharp_1.cpp
  Bulk_UnityEngine.VRModule_0.cpp
  Bulk_Generics_22.cpp
  Il2CppCompilerCalculateTypeValues_41Table.cpp
  UnresolvedVirtualCallStubs.cpp
  Bulk_Assembly-CSharp-firstpass_1.cpp
  Il2CppCompilerCalculateTypeValues_40Table.cpp
  Bulk_UnityEngine.IMGUIModule_0.cpp
  Il2CppCompilerCalculateTypeValuesTable.cpp
  Bulk_I18N.CJK_0.cpp
  Il2CppCompilerCalculateTypeValues_24Table.cpp
  Il2CppCompilerCalculateTypeValues_45Table.cpp
  Bulk_I18N.West_0.cpp
  Bulk_Vuforia.UnityExtensions_4.cpp
  Il2CppCompilerCalculateTypeValues_17Table.cpp
  Bulk_I18N.Rare_1.cpp
  Bulk_I18N_0.cpp
  Il2CppCompilerCalculateTypeValues_10Table.cpp
  Il2CppCompilerCalculateTypeValues_15Table.cpp
  Il2CppCompilerCalculateTypeValues_20Table.cpp
  Bulk_System.Xml_5.cpp
  Bulk_UnityEngine.CoreModule_2.cpp
  char-conversions.cpp
  Il2CppCompilerCalculateTypeValues_7Table.cpp
  Il2CppCompilerCalculateTypeValues_35Table.cpp
  Il2CppCompilerCalculateTypeValues_39Table.cpp
  Il2CppCompilerCalculateTypeValues_6Table.cpp
  Il2CppCompilerCalculateTypeValues_36Table.cpp
  Bulk_UnityEngine.AudioModule_0.cpp
  Il2CppCompilerCalculateTypeValues_0Table.cpp
  Il2CppCompilerCalculateTypeValues_46Table.cpp
  Il2CppCompilerCalculateTypeValues_38Table.cpp
  Il2CppCompilerCalculateTypeValues_31Table.cpp
  Bulk_System.Core_0.cpp
  Bulk_UnityEngine.XRModule_0.cpp
  Il2CppCompilerCalculateTypeValues_37Table.cpp
  Il2CppCompilerCalculateTypeValues_44Table.cpp
  Il2CppCompilerCalculateTypeValues_42Table.cpp
  Bulk_Mono.Security_1.cpp
  Il2CppCompilerCalculateTypeValues_21Table.cpp
  Il2CppCompilerCalculateTypeValues_3Table.cpp
  Bulk_I18N.Other_0.cpp
  Il2CppCompilerCalculateTypeValues_19Table.cpp
  Il2CppCompilerCalculateTypeValues_8Table.cpp
  Il2CppCompilerCalculateTypeValues_22Table.cpp
  Il2CppCompilerCalculateTypeValues_32Table.cpp
  Il2CppCompilerCalculateTypeValues_23Table.cpp
  Bulk_VuforiaScripts_0.cpp
  Il2CppCompilerCalculateTypeValues_33Table.cpp
  Il2CppCompilerCalculateTypeValues_9Table.cpp
  Il2CppCompilerCalculateTypeValues_4Table.cpp
  Il2CppCompilerCalculateTypeValues_34Table.cpp
  Bulk_UnityEngine.TextCoreModule_0.cpp
  Bulk_UnityEngine.AnimationModule_0.cpp
  Bulk_UnityEngine.PhysicsModule_0.cpp
  Il2CppCompilerCalculateTypeValues_25Table.cpp
  Il2CppCompilerCalculateTypeValues_11Table.cpp
  Bulk_I18N.MidEast_0.cpp
  Bulk_UnityEngine.TerrainModule_0.cpp
  Il2CppCompilerCalculateTypeValues_18Table.cpp
  Il2CppCompilerCalculateTypeValues_5Table.cpp
  Il2CppCompilerCalculateTypeValues_16Table.cpp
  Il2CppCompilerCalculateTypeValues_2Table.cpp
  Il2CppInteropDataTable.cpp
  Il2CppCompilerCalculateTypeValues_30Table.cpp
  Il2CppCompilerCalculateTypeValues_29Table.cpp
  Bulk_UnityEngine.TextRenderingModule_0.cpp
  Bulk_UnityEngine.UI_3.cpp
  Bulk_UnityEngine.UIModule_0.cpp
  Bulk_UnityEngine.Physics2DModule_0.cpp
  Il2CppCompilerCalculateTypeValues_12Table.cpp
  Il2CppCompilerCalculateTypeValues_14Table.cpp
  Bulk_UnityEngine.ParticleSystemModule_0.cpp
  Il2CppCompilerCalculateTypeValues_1Table.cpp
  Il2CppCompilerCalculateTypeValues_27Table.cpp
  Il2CppCompilerCalculateTypeValues_26Table.cpp
  Il2CppCompilerCalculateTypeValues_13Table.cpp
  Il2CppCompilerCalculateTypeValues_43Table.cpp
  Bulk_UnityEngine.SharedInternalsModule_0.cpp
  Decimal.cpp
  Messages.cpp
  Bulk_UnityEngine.VideoModule_0.cpp
  deflate.c
  Bulk_UnityEngine.UIElementsModule_0.cpp
  Il2CppCompilerCalculateTypeValues_28Table.cpp
  Bulk_UnityEngine.TilemapModule_0.cpp
  Bulk_UnityEngine.VFXModule_0.cpp
  SocketImpl.cpp
  Bulk_System.Configuration_0.cpp
  FileTests.cpp
  Bulk_UnityEngine.UnityAnalyticsModule_0.cpp
  Bulk_UnityEngine.UnityWebRequestModule_0.cpp
  inflate.c
  Bulk_UnityEngine.InputModule_0.cpp
  Class.cpp
  trees.c
  Socket.cpp
  Bulk_UnityEngine.AIModule_0.cpp
  SocketImpl.cpp
  Bulk_UnityEngine.VehiclesModule_0.cpp
  il2cpp-mono-support.cpp
  MetadataCache.cpp
  Runtime.cpp
  AtomicQueue.cpp
  ThreadPool.cpp
  Il2CppCompilerCalculateTypeValues_47Table.cpp
  File.cpp
  MonoType.cpp
  xamarin_getifaddrs.c
  Bulk_UnityEngine.AssetBundleModule_0.cpp
  WindowsRuntime.cpp
  il2cpp-api.cpp
  threadpool-ms.cpp
  Type.cpp
  Monitor.cpp
  Thread.cpp
  infback.c
  ArrayMetadata.cpp
  Reflection.cpp
  Exception.cpp
  DirectoryTests.cpp
  Bulk_UnityEngine.DirectorModule_0.cpp
  Assembly.cpp
  Marshal.cpp
  gzread.c
  gzwrite.c
  Array.cpp
  Thread.cpp
  Debugger.cpp
  MonoIO.cpp
  Number.cpp
  gzlib.c
  Liveness.cpp
  PlatformInvoke.cpp
  Type.cpp
F:\Game project\HoloPiano\App\Il2CppOutputProject\IL2CPP\libil2cpp\icalls\mscorlib\System\Type.cpp(285): warning C4834: discarding return value of function with 'nodiscard' attribute
  File.cpp
  il2cpp-callbacks.cpp
  threadpool-ms-io.cpp
  crc32.c
  CultureInfo.cpp
  MonoMethod.cpp
  RCW.cpp
  BrokeredFileSystem.cpp
  inftrees.c
  inffast.c
  WindowsRuntime.cpp
  Image.cpp
  MemoryInformation.cpp
  MemoryMappedFile.cpp
  Field.cpp
  ThreadImpl.cpp
  COM.cpp
  Object.cpp
  RuntimeType.cpp
  GCHandle.cpp
  MemoryMappedFile.cpp
  GenericMetadata.cpp
  Il2CppReversePInvokeWrapperTable.cpp
  StackTrace.cpp
  GarbageCollector.cpp
  PosixWaitObject.cpp
  LibraryLoader.cpp
  Socket.cpp
  GenericClass.cpp
  SocketImpl.cpp
  PathTests.cpp
  Enum.cpp
  ThreadPoolWorkerThread.cpp
  Bulk_UnityEngine.GridModule_0.cpp
  ThreadImpl.cpp
  Array.cpp
  BoehmGC.cpp
  Method.cpp
  Console.cpp
  LibraryLoader.cpp
  Thread.cpp
  AppDomain.cpp
  TimeZone.cpp
  String.cpp
  ThreadPoolMonitorThread.cpp
  Directory.cpp
  zutil.c
  NativeSymbol.cpp
  ValueType.cpp
  AssemblyName.cpp
  Error.cpp
  Environment.cpp
  Locale.cpp
  ComObjectBase.cpp
  Environment.cpp
  MemoryMappedFile.cpp
  FieldLayout.cpp
  Directory.cpp
  CCW.cpp
  CompareInfo.cpp
  RuntimeTypeHandle.cpp
  Profiler.cpp
  MonoPosixHelper.cpp
  GenericMethod.cpp
  MonoField.cpp
  LibraryLoaderTests.cpp
  Environment.cpp
  threadpool-ms-io-poll.cpp
  MemoryMapImpl.cpp
  MemoryMappedFileTests.cpp
  File.cpp
  TimeZoneInfo.cpp
  Interlocked.cpp
  StringUtils.cpp
  adler32.c
  MutexTests.cpp
  SocketTests.cpp
  MethodBase.cpp
  String.cpp
  SemaphoreTests.cpp
  MonoCustomAttrs.cpp
  WaitHandle.cpp
  Convert.cpp
  VmStringUtils.cpp
  CultureData.cpp
  TimeZone.cpp
  Image.cpp
  ThreadPoolMs.cpp
  Enum.cpp
  Time.cpp
  Process.cpp
  ThreadLocalValueTests.cpp
  CalendarData.cpp
  Environment.cpp
  MarshalAlloc.cpp
  VisualizerHelpers.cpp
  Module.cpp
  PerformanceCounterCategory.cpp
  EventTests.cpp
  AssemblyName.cpp
  WindowsHelpers.cpp
  StackFrame.cpp
  WindowsRuntime.cpp
  MonoMethodMessage.cpp
  Math.cpp
  TimeZoneTests.cpp
  Dns.cpp
  Directory.cpp
  Il2CppTypeCompare.cpp
  Win32ApiSharedEmulation.cpp
  PerformanceCounter.cpp
  uncompr.c
  RuntimeHelpers.cpp
  Random.cpp
  GCHandle.cpp
  Assembly.cpp
  COM.cpp
  compress.c
  ProcessTests.cpp
  ThreadPool.cpp
  NullGC.cpp
  GC.cpp
  ModuleBuilder.cpp
  COM.cpp
  MonoMethodInfo.cpp
  Memory.cpp
  Win32ApiWinRTEmulation.cpp
  NativeMethods.cpp
  NativeEventCalls.cpp
  StackTrace.cpp
  MonoPropertyInfo.cpp
  Delegate.cpp
  RegionInfo.cpp
  MemoryMappedFile.cpp
  Buffer.cpp
  EnvironmentTests.cpp
  Encoding.cpp
  Monitor.cpp
  RNGCryptoServiceProvider.cpp
  gc.c
  TypedReference.cpp
  Semaphore.cpp
  CpuInfo.cpp
  COM.cpp
  MemoryPool.cpp
  WaitHandle.cpp
  BlobReader.cpp
  DirectoryUtils.cpp
  COMTests.cpp
  Atomic.cpp
  Mutex.cpp
  AsyncResult.cpp
  MutexImpl.cpp
  CryptographyTests.cpp
  Time.cpp
  ConsoleDriver.cpp
  WeakReference.cpp
  MetadataAlloc.cpp
  FieldInfo.cpp
  TypeBuilder.cpp
  SystemCertificates.cpp
  CurrentSystemTimeZone.cpp
  MemberInfo.cpp
  Semaphore.cpp
  RuntimeFieldHandle.cpp
  Path.cpp
  Domain.cpp
  Handle.cpp
  ConsoleTests.cpp
  UnsafeNativeMethods.cpp
  UnityAdsStubs.cpp
  ConditionVariableImpl.cpp
  TimeTests.cpp
  Bulk_UnityEngine_0.cpp
  Allocator.cpp
  ArgIterator.cpp
  Event.cpp
  MainTestRunner.cpp
  File.cpp
  Environment.cpp
  MonoEventInfo.cpp
  Runtime.cpp
  Image.cpp
  PerformanceCounterUtils.cpp
  Handle.cpp
  Cryptography.cpp
  CpuInfo.cpp
  krait_signal_handler.c
  Process.cpp
  Il2CppCodeRegistration.cpp
  Il2CppTypeHash.cpp
  Locale.cpp
  ErrorTests.cpp
  StackTrace.cpp
  Image.cpp
  ThreadImpl.cpp
  InternalCalls.cpp
  Parameter.cpp
  Exception.cpp
  Process.cpp
  SecurityManager.cpp
  Mutex.cpp
  WindowsImpersonationContext.cpp
  KeyPairPersistence.cpp
  Il2CppGenericContextCompare.cpp
  SystemCertificates.cpp
  MarshalingUtils.cpp
  Environment.cpp
  Mutex.cpp
  LibraryLoader.cpp
  MemoryTests.cpp
  EventInfo.cpp
  PropertyInfo.cpp
  Activator.cpp
  ParameterInfo.cpp
  SemaphoreImpl.cpp
  Path.cpp
  Process.cpp
  Il2CppMetadataRegistration.cpp
  Process.cpp
  WindowsIdentity.cpp
  ActivationServices.cpp
  Socket.cpp
  Memory.cpp
  Win32Exception.cpp
  RegisterRuntimeInitializeAndCleanup.cpp
  SemaphoreImpl.cpp
  EventImpl.cpp
  DriveInfo.cpp
  MutexImpl.cpp
  Normalization.cpp
  MonoGenericClass.cpp
  GenericSharing.cpp
  StackTrace.cpp
  ConditionVariable.cpp
  Il2CppSignatureCompare.cpp
  Cryptography.cpp
  ConditionVariableImpl.cpp
  MetadataLoader.cpp
  Path.cpp
  __ComObject.cpp
  LastError.cpp
  ConditionVariable.cpp
  Il2CppGenericInstCompare.cpp
  AssemblyBuilder.cpp
  TimeZoneInfoTests.cpp
  Char.cpp
  SizedReference.cpp
  mono-structs.cpp
  MonoEnumInfo.cpp
  Cryptography.cpp
  Handle.cpp
  RemotingServices.cpp
  ReaderWriterLock.cpp
  Semaphore.cpp
  ConditionVariableTests.cpp
  NumberFormatter.cpp
  ThreadLocalValueImpl.cpp
  Il2CppGenericContextHash.cpp
  StackTrace.cpp
  Object.cpp
  Debugger.cpp
  ThreadLocalValueImpl.cpp
  NativeMethods.cpp
  Environment.cpp
  NativeDelegateMethodCache.cpp
  LibraryLoader.cpp
  LinuxNetworkInterface.cpp
  MarshalStringAlloc.cpp
  Logging.cpp
  MonoCMethod.cpp
  WindowsPrincipal.cpp
  Il2CppSignatureHash.cpp
  InotifyWatcher.cpp
  GenericContainer.cpp
  il2cpp-codegen-common.cpp
  Runtime.cpp
  Event.cpp
  LocaleTests.cpp
  NativeMethods.cpp
  PosixHelpers.cpp
  Property.cpp
  RealProxy.cpp
  SystemCertificates.cpp
  Locale.cpp
  MarshalStringAlloc.cpp
  Initialize.cpp
  DynamicMethod.cpp
  ThreadLocalValue.cpp
  Console.cpp
  EventImpl.cpp
  CustomAttributeBuilder.cpp
  SignatureHelper.cpp
  SecurityFrame.cpp
  TimeZoneInfo.cpp
  Normalization.cpp
  Il2CppGenericClassHash.cpp
  PathUtils.cpp
  Il2CppGenericMethodHash.cpp
  Il2CppGenericClassCompare.cpp
  Double.cpp
  ThreadLocalValue.cpp
  CustomAttributeData.cpp
  Context.cpp
  Il2CppGenericInstHash.cpp
  DefaultConfig.cpp
  gzclose.c
  SafeStringMarshal.cpp
  Output.cpp
  TimeZoneInfo.cpp
  Il2CppGenericMethodCompare.cpp
  InternalConfigurationHost.cpp
  ComInteropProxy.cpp
  Cryptography.cpp
  RtFieldInfo.cpp
  InternalConfigurationHost.cpp
  Initialize.cpp
  DateTime.cpp
  RuntimeMarshal.cpp
  Exception.cpp
  MemoryMappedFile.cpp
  DllMain.cpp
  Console.cpp
  MonoTlsProviderFactory.cpp
  MacOsIPInterfaceProperties.cpp
  InternalThread.cpp
  NativeMethods.cpp
  MonoGenericCMethod.cpp
  SystemCertificates.cpp
  DefaultTraceListener.cpp
  MonoGenericMethod.cpp
  Process.cpp
  TimeZone.cpp
  SocketException.cpp
  CpuInfoTests.cpp
  Assert.cpp
  Evidence.cpp
  MethodBuilder.cpp
  GenericTypeParameterBuilder.cpp
  CLRConfig.cpp
  IOSelector.cpp
  FileVersionInfo.cpp
  EnumBuilder.cpp
  KqueueMonitor.cpp
  FAMWatcher.cpp
  MessagesTests.cpp
  DerivedType.cpp
  Time.cpp
  SymbolType.cpp
  VersioningHelper.cpp
  SystemCertificates.cpp
  Memory.cpp
  MarshalAlloc.cpp
  Debug.cpp
  MissingMemberException.cpp
  Error.cpp
  FileSystemWatcher.cpp
  Path.cpp
  MarshalAlloc.cpp
  Path.cpp
  RuntimeMethodHandle.cpp
  Stopwatch.cpp
  RuntimeGPtrArrayHandle.cpp
  Initialize.cpp
  Memory.cpp
  RuntimeClassHandle.cpp
  EncodingHelper.cpp
  FileSystemWatcher.cpp
  Timer.cpp
  TimeSpan.cpp
  Encoding.cpp
  Path.cpp
  ScopedThreadAttacher.cpp
  Debug.cpp
  Error.cpp
  CpuInfo.cpp
  DebugTests.cpp
  ThreadTests.cpp
  FileSystemWatcher.cpp
  Locale.cpp
  Thread.cpp
  CpuInfo.cpp
  File.cpp
  UnityTls.cpp
  LastError.cpp
  Event.cpp
  Module.cpp
  WriteBarrier.cpp
  NativeMethodsTests.cpp
  LastError.cpp
  Initialize.cpp
  Messages.cpp
  class-internals.cpp
  Encoding.cpp
  Debug.cpp
  Il2CppGenericComDefinitions0.cpp
  ObjectFiles: 625 of which compiled: 625
  	Time Compile: 25879 milliseconds Bulk_Unity.TextMeshPro_3.cpp
  	Time Compile: 24263 milliseconds Bulk_Unity.TextMeshPro_2.cpp
  	Time Compile: 16643 milliseconds Bulk_mscorlib_7.cpp
  	Time Compile: 13617 milliseconds Bulk_Unity.TextMeshPro_1.cpp
  	Time Compile: 12062 milliseconds Bulk_System_5.cpp
  	Time Compile: 11768 milliseconds BrokeredFileSystem.cpp
  	Time Compile: 9860 milliseconds Bulk_mscorlib_4.cpp
  	Time Compile: 9541 milliseconds Bulk_mscorlib_5.cpp
  	Time Compile: 9292 milliseconds GenericMethods1.cpp
  	Time Compile: 8868 milliseconds Il2CppTypeDefinitions.cpp
  Total compilation time: 162573 milliseconds.
  Creating library F:\Game project\HoloPiano\App\build\obj\il2cppOutputProject\Win32\Release\linkresult_38C4CC22A21EC9AB9EFFF1B91EF9F297\GameAssembly.lib and object F:\Game project\HoloPiano\App\build\obj\il2cppOutputProject\Win32\Release\linkresult_38C4CC22A21EC9AB9EFFF1B91EF9F297\GameAssembly.exp
  Total link time: 7803 milliseconds.
  Cleaned up 2 object files.
